env: load .env
env: export API_BASE_URL
Starting project at /home/userr/scripts/1/frontend
React Compiler enabled
Starting Metro Bundler
warning: Bundler cache is empty, rebuilding (this may take a minute)
Waiting on http://localhost:8081
Logs for your project will appear below.
Web node_modules/expo-router/entry.js ░░░░░░░░░░░░░░░░  1.0% (1/1)
λ node_modules/expo-router/node/render.js ░░░░░░░░░░░░░░░░  0.0% (0/1)
Web node_modules/expo-router/entry.js ▓▓▓▓░░░░░░░░░░░░ 27.0% ( 18/104)
λ node_modules/expo-router/node/render.js ▓░░░░░░░░░░░░░░░  8.4% ( 60/207)
Web node_modules/expo-router/entry.js ▓▓▓▓░░░░░░░░░░░░ 27.0% ( 76/216)
λ node_modules/expo-router/node/render.js ▓▓░░░░░░░░░░░░░░ 17.9% (123/291)
Web node_modules/expo-router/entry.js ▓▓▓▓░░░░░░░░░░░░ 27.0% (100/244)
λ node_modules/expo-router/node/render.js ▓▓▓▓▓░░░░░░░░░░░ 36.8% (271/450)
Web node_modules/expo-router/entry.js ▓▓▓▓▓░░░░░░░░░░░ 36.0% (258/430)
λ node_modules/expo-router/node/render.js ▓▓▓▓▓▓░░░░░░░░░░ 42.0% (311/480)
Web node_modules/expo-router/entry.js ▓▓▓▓▓▓░░░░░░░░░░ 38.2% (300/506)
λ node_modules/expo-router/node/render.js ▓▓▓▓▓▓▓▓▓▓░░░░░░ 65.0% (464/585)
Web node_modules/expo-router/entry.js ▓▓▓▓▓▓▓░░░░░░░░░ 45.3% (370/550)
λ node_modules/expo-router/node/render.js ▓▓▓▓▓▓▓▓▓▓░░░░░░ 65.0% (464/585)
Web node_modules/expo-router/entry.js ▓▓▓▓▓▓▓▓░░░░░░░░ 50.8% (419/588)
λ node_modules/expo-router/node/render.js ▓▓▓▓▓▓▓▓▓▓▓░░░░░ 70.3% (578/741)
Web node_modules/expo-router/entry.js ▓▓▓▓▓▓▓▓▓░░░░░░░ 57.5% (575/758)
λ node_modules/expo-router/node/render.js ▓▓▓▓▓▓▓▓▓▓▓░░░░░ 70.3% (617/765)
Web node_modules/expo-router/entry.js ▓▓▓▓▓▓▓▓▓▓░░░░░░ 63.4% (622/781)
λ node_modules/expo-router/node/render.js ▓▓▓▓▓▓▓▓▓▓▓░░░░░ 70.6% (723/868)
Web node_modules/expo-router/entry.js ▓▓▓▓▓▓▓▓▓▓▓░░░░░ 70.5% (753/897)
λ node_modules/expo-router/node/render.js ▓▓▓▓▓▓▓▓▓▓▓░░░░░ 73.0% (747/874)
Web node_modules/expo-router/entry.js ▓▓▓▓▓▓▓▓▓▓▓░░░░░ 70.5% (753/897)
λ node_modules/expo-router/node/render.js ▓▓▓▓▓▓▓▓▓▓▓▓░░░░ 80.6% (816/909)
Web node_modules/expo-router/entry.js ▓▓▓▓▓▓▓▓▓▓▓▓░░░░ 77.9% (825/935)
λ node_modules/expo-router/node/render.js ▓▓▓▓▓▓▓▓▓▓▓▓▓░░░ 84.3% (850/926)
Web node_modules/expo-router/entry.js ▓▓▓▓▓▓▓▓▓▓▓▓▓░░░ 83.2% ( 951/1055)
λ node_modules/expo-router/node/render.js ▓▓▓▓▓▓▓▓▓▓▓▓▓░░░ 86.9% ( 917/1026)
Web node_modules/expo-router/entry.js ▓▓▓▓▓▓▓▓▓▓▓▓▓▓░░ 90.1% (1079/1137)
λ node_modules/expo-router/node/render.js ▓▓▓▓▓▓▓▓▓▓▓▓▓▓░░ 88.8% (1108/1190)
λ Bundled 53364ms node_modules/expo-router/node/render.js (1224 modules)
λ  WARN  props.pointerEvents is deprecated. Use style.pointerEvents 
Web node_modules/expo-router/entry.js ▓▓▓▓▓▓▓▓▓▓▓▓▓▓▓░ 99.9% (1200/1200)
Web Bundled 56644ms node_modules/expo-router/entry.js (1200 modules)
Web node_modules/expo-router/entry.js ▓▓▓▓░░░░░░░░░░░░ 27.0% (149/310)
Web node_modules/expo-router/entry.js ▓▓▓▓▓▓▓░░░░░░░░░ 46.1% (378/557)
Web node_modules/expo-router/entry.js ▓▓▓▓▓▓▓▓▓░░░░░░░ 59.3% (599/778)
Web node_modules/expo-router/entry.js ▓▓▓▓▓▓▓▓▓▓▓░░░░░ 71.4% (778/921)
Web node_modules/expo-router/entry.js ▓▓▓▓▓▓▓▓▓▓▓▓▓░░░ 81.6% (860/952)
Web node_modules/expo-router/entry.js ▓▓▓▓▓▓▓▓▓▓▓▓▓▓░░ 91.0% (1101/1154)
Web Bundled 24541ms node_modules/expo-router/entry.js (1201 modules)
 LOG  [web] Logs will appear in the browser console
Web node_modules/expo-router/entry.js ░░░░░░░░░░░░░░░░  0.0% (0/1)
λ Bundled 1737ms node_modules/expo-router/node/render.js (1 module)
Web Bundled 2801ms node_modules/expo-router/entry.js (1 module)
λ  WARN  props.pointerEvents is deprecated. Use style.pointerEvents 
Web node_modules/expo-router/entry.js ░░░░░░░░░░░░░░░░  0.0% (0/1)
Web Bundled 160ms node_modules/expo-router/entry.js (1 module)
 LOG  [web] Logs will appear in the browser console
